This is pdfTeX, Version 3.14159265-2.6-1.40.21 (TeX Live 2020) (preloaded format=pdflatex 2020.8.20)  24 NOV 2020 17:57
entering extended mode
 restricted \write18 enabled.
 %&-line parsing enabled.
**main.tex
(./main.tex
LaTeX2e <2020-02-02> patch level 5
L3 programming layer <2020-03-06>
(/usr/local/texlive/2020basic/texmf-dist/tex/latex/base/book.cls
Document Class: book 2019/12/20 v1.4l Standard LaTeX document class
(/usr/local/texlive/2020basic/texmf-dist/tex/latex/base/bk12.clo
File: bk12.clo 2019/12/20 v1.4l Standard LaTeX file (size option)
)
\c@part=\count167
\c@chapter=\count168
\c@section=\count169
\c@subsection=\count170
\c@subsubsection=\count171
\c@paragraph=\count172
\c@subparagraph=\count173
\c@figure=\count174
\c@table=\count175
\abovecaptionskip=\skip47
\belowcaptionskip=\skip48
\bibindent=\dimen134
)
(/usr/local/texlive/2020basic/texmf-dist/tex/latex/geometry/geometry.sty
Package: geometry 2020/01/02 v5.9 Page Geometry

(/usr/local/texlive/2020basic/texmf-dist/tex/latex/graphics/keyval.sty
Package: keyval 2014/10/28 v1.15 key=value parser (DPC)
\KV@toks@=\toks15
)
(/usr/local/texlive/2020basic/texmf-dist/tex/generic/iftex/ifvtex.sty
Package: ifvtex 2019/10/25 v1.7 ifvtex legacy package. Use iftex instead.

(/usr/local/texlive/2020basic/texmf-dist/tex/generic/iftex/iftex.sty
Package: iftex 2020/03/06 v1.0d TeX engine tests
))
\Gm@cnth=\count176
\Gm@cntv=\count177
\c@Gm@tempcnt=\count178
\Gm@bindingoffset=\dimen135
\Gm@wd@mp=\dimen136
\Gm@odd@mp=\dimen137
\Gm@even@mp=\dimen138
\Gm@layoutwidth=\dimen139
\Gm@layoutheight=\dimen140
\Gm@layouthoffset=\dimen141
\Gm@layoutvoffset=\dimen142
\Gm@dimlist=\toks16
)
(/usr/local/texlive/2020basic/texmf-dist/tex/generic/babel/babel.sty
Package: babel 2020/03/22 3.42 The Babel package

(/usr/local/texlive/2020basic/texmf-dist/tex/generic/babel/switch.def
File: switch.def 2020/03/22 3.42 Babel switching mechanism
)
(/usr/local/texlive/2020basic/texmf-dist/tex/generic/babel-italian/italian.ldf
Language: italian 2019/11/16 v.1.4.03 Italian support for the babel system

(/usr/local/texlive/2020basic/texmf-dist/tex/generic/babel/babel.def
File: babel.def 2020/03/22 3.42 Babel common definitions
\babel@savecnt=\count179
\U@D=\dimen143

(/usr/local/texlive/2020basic/texmf-dist/tex/generic/babel/txtbabel.def)
\bbl@readstream=\read2
\bbl@dirlevel=\count180
)
\it@lettering=\count181
\it@doublequoteactive=\count182
\it@ISOcompliance=\count183
))
(/usr/local/texlive/2020basic/texmf-dist/tex/latex/etoolbox/etoolbox.sty
Package: etoolbox 2019/09/21 v2.5h e-TeX tools for LaTeX (JAW)
\etb@tempcnta=\count184
)
(/usr/local/texlive/2020basic/texmf-dist/tex/latex/setspace/setspace.sty
Package: setspace 2011/12/19 v6.7a set line spacing
)
(/usr/local/texlive/2020basic/texmf-dist/tex/latex/graphics/graphicx.sty
Package: graphicx 2019/11/30 v1.2a Enhanced LaTeX Graphics (DPC,SPQR)

(/usr/local/texlive/2020basic/texmf-dist/tex/latex/graphics/graphics.sty
Package: graphics 2019/11/30 v1.4a Standard LaTeX Graphics (DPC,SPQR)

(/usr/local/texlive/2020basic/texmf-dist/tex/latex/graphics/trig.sty
Package: trig 2016/01/03 v1.10 sin cos tan (DPC)
)
(/usr/local/texlive/2020basic/texmf-dist/tex/latex/graphics-cfg/graphics.cfg
File: graphics.cfg 2016/06/04 v1.11 sample graphics configuration
)
Package graphics Info: Driver file: pdftex.def on input line 105.

(/usr/local/texlive/2020basic/texmf-dist/tex/latex/graphics-def/pdftex.def
File: pdftex.def 2018/01/08 v1.0l Graphics/color driver for pdftex
))
\Gin@req@height=\dimen144
\Gin@req@width=\dimen145
)
(/usr/local/texlive/2020basic/texmf-dist/tex/latex/hyperref/hyperref.sty
Package: hyperref 2020/01/14 v7.00d Hypertext links for LaTeX

(/usr/local/texlive/2020basic/texmf-dist/tex/generic/ltxcmds/ltxcmds.sty
Package: ltxcmds 2019/12/15 v1.24 LaTeX kernel commands for general use (HO)
)
(/usr/local/texlive/2020basic/texmf-dist/tex/latex/pdftexcmds/pdftexcmds.sty
Package: pdftexcmds 2019/11/24 v0.31 Utility functions of pdfTeX for LuaTeX (HO
)

(/usr/local/texlive/2020basic/texmf-dist/tex/generic/infwarerr/infwarerr.sty
Package: infwarerr 2019/12/03 v1.5 Providing info/warning/error messages (HO)
)
Package pdftexcmds Info: \pdf@primitive is available.
Package pdftexcmds Info: \pdf@ifprimitive is available.
Package pdftexcmds Info: \pdfdraftmode found.
)
(/usr/local/texlive/2020basic/texmf-dist/tex/generic/kvsetkeys/kvsetkeys.sty
Package: kvsetkeys 2019/12/15 v1.18 Key value parser (HO)
)
(/usr/local/texlive/2020basic/texmf-dist/tex/generic/kvdefinekeys/kvdefinekeys.
sty
Package: kvdefinekeys 2019-12-19 v1.6 Define keys (HO)
)
(/usr/local/texlive/2020basic/texmf-dist/tex/generic/pdfescape/pdfescape.sty
Package: pdfescape 2019/12/09 v1.15 Implements pdfTeX's escape features (HO)
)
(/usr/local/texlive/2020basic/texmf-dist/tex/latex/hycolor/hycolor.sty
Package: hycolor 2020-01-27 v1.10 Color options for hyperref/bookmark (HO)
)
(/usr/local/texlive/2020basic/texmf-dist/tex/latex/letltxmacro/letltxmacro.sty
Package: letltxmacro 2019/12/03 v1.6 Let assignment for LaTeX macros (HO)
) (/usr/local/texlive/2020basic/texmf-dist/tex/latex/auxhook/auxhook.sty
Package: auxhook 2019-12-17 v1.6 Hooks for auxiliary files (HO)
)
(/usr/local/texlive/2020basic/texmf-dist/tex/latex/kvoptions/kvoptions.sty
Package: kvoptions 2019/11/29 v3.13 Key value format for package options (HO)
)
\@linkdim=\dimen146
\Hy@linkcounter=\count185
\Hy@pagecounter=\count186

(/usr/local/texlive/2020basic/texmf-dist/tex/latex/hyperref/pd1enc.def
File: pd1enc.def 2020/01/14 v7.00d Hyperref: PDFDocEncoding definition (HO)
Now handling font encoding PD1 ...
... no UTF-8 mapping file for font encoding PD1
)
(/usr/local/texlive/2020basic/texmf-dist/tex/generic/intcalc/intcalc.sty
Package: intcalc 2019/12/15 v1.3 Expandable calculations with integers (HO)
)
(/usr/local/texlive/2020basic/texmf-dist/tex/generic/etexcmds/etexcmds.sty
Package: etexcmds 2019/12/15 v1.7 Avoid name clashes with e-TeX commands (HO)
)
\Hy@SavedSpaceFactor=\count187
Package hyperref Info: Hyper figures OFF on input line 4547.
Package hyperref Info: Link nesting OFF on input line 4552.
Package hyperref Info: Hyper index ON on input line 4555.
Package hyperref Info: Plain pages OFF on input line 4562.
Package hyperref Info: Backreferencing OFF on input line 4567.
Package hyperref Info: Implicit mode ON; LaTeX internals redefined.
Package hyperref Info: Bookmarks ON on input line 4800.
\c@Hy@tempcnt=\count188

(/usr/local/texlive/2020basic/texmf-dist/tex/latex/url/url.sty
\Urlmuskip=\muskip16
Package: url 2013/09/16  ver 3.4  Verb mode for urls, etc.
)
LaTeX Info: Redefining \url on input line 5159.
\XeTeXLinkMargin=\dimen147

(/usr/local/texlive/2020basic/texmf-dist/tex/generic/bitset/bitset.sty
Package: bitset 2019/12/09 v1.3 Handle bit-vector datatype (HO)

(/usr/local/texlive/2020basic/texmf-dist/tex/generic/bigintcalc/bigintcalc.sty
Package: bigintcalc 2019/12/15 v1.5 Expandable calculations on big integers (HO
)
))
\Fld@menulength=\count189
\Field@Width=\dimen148
\Fld@charsize=\dimen149
Package hyperref Info: Hyper figures OFF on input line 6430.
Package hyperref Info: Link nesting OFF on input line 6435.
Package hyperref Info: Hyper index ON on input line 6438.
Package hyperref Info: backreferencing OFF on input line 6445.
Package hyperref Info: Link coloring OFF on input line 6450.
Package hyperref Info: Link coloring with OCG OFF on input line 6455.
Package hyperref Info: PDF/A mode OFF on input line 6460.
LaTeX Info: Redefining \ref on input line 6500.
LaTeX Info: Redefining \pageref on input line 6504.
 (/usr/local/texlive/2020basic/texmf-dist/tex/generic/atbegshi/atbegshi.sty
Package: atbegshi 2019/12/05 v1.19 At begin shipout hook (HO)
)
\Hy@abspage=\count190
\c@Item=\count191
\c@Hfootnote=\count192
)
Package hyperref Info: Driver (autodetected): hpdftex.

(/usr/local/texlive/2020basic/texmf-dist/tex/latex/hyperref/hpdftex.def
File: hpdftex.def 2020/01/14 v7.00d Hyperref driver for pdfTeX

(/usr/local/texlive/2020basic/texmf-dist/tex/latex/atveryend/atveryend.sty
Package: atveryend 2019-12-11 v1.11 Hooks at the very end of document (HO)
)
\Fld@listcount=\count193
\c@bookmark@seq@number=\count194

(/usr/local/texlive/2020basic/texmf-dist/tex/latex/rerunfilecheck/rerunfilechec
k.sty
Package: rerunfilecheck 2019/12/05 v1.9 Rerun checks for auxiliary files (HO)

(/usr/local/texlive/2020basic/texmf-dist/tex/generic/uniquecounter/uniquecounte
r.sty
Package: uniquecounter 2019/12/15 v1.4 Provide unlimited unique counter (HO)
)
Package uniquecounter Info: New unique counter `rerunfilecheck' on input line 2
86.
)
\Hy@SectionHShift=\skip49
)
(/usr/local/texlive/2020basic/texmf-dist/tex/latex/fancyhdr/fancyhdr.sty
Package: fancyhdr 2019/01/31 v3.10 Extensive control of page headers and footer
s
\f@nch@headwidth=\skip50
\f@nch@O@elh=\skip51
\f@nch@O@erh=\skip52
\f@nch@O@olh=\skip53
\f@nch@O@orh=\skip54
\f@nch@O@elf=\skip55
\f@nch@O@erf=\skip56
\f@nch@O@olf=\skip57
\f@nch@O@orf=\skip58
)
(/usr/local/texlive/2020basic/texmf-dist/tex/latex/caption/subcaption.sty
Package: subcaption 2020/01/22 v1.3d Sub-captions (AR)

(/usr/local/texlive/2020basic/texmf-dist/tex/latex/caption/caption.sty
Package: caption 2020/01/03 v3.4h Customizing captions (AR)

(/usr/local/texlive/2020basic/texmf-dist/tex/latex/caption/caption3.sty
Package: caption3 2020/01/03 v1.8h caption3 kernel (AR)
Package caption3 Info: TeX engine: e-TeX on input line 61.
\captionmargin=\dimen150
\captionmargin@=\dimen151
\captionwidth=\dimen152
\caption@tempdima=\dimen153
\caption@indent=\dimen154
\caption@parindent=\dimen155
\caption@hangindent=\dimen156
Package caption Info: Standard document class detected.
)
\c@caption@flags=\count195
\c@continuedfloat=\count196
Package caption Info: hyperref package is loaded.
)
\c@subfigure=\count197
\c@subtable=\count198
)
(/usr/local/texlive/2020basic/texmf-dist/tex/latex/csvsimple/csvsimple.sty
Package: csvsimple 2019/04/09 version 1.21 LaTeX CSV file processing

(/usr/local/texlive/2020basic/texmf-dist/tex/latex/pgf/utilities/pgfrcs.sty
(/usr/local/texlive/2020basic/texmf-dist/tex/generic/pgf/utilities/pgfutil-comm
on.tex
\pgfutil@everybye=\toks17
\pgfutil@tempdima=\dimen157
\pgfutil@tempdimb=\dimen158

(/usr/local/texlive/2020basic/texmf-dist/tex/generic/pgf/utilities/pgfutil-comm
on-lists.tex))
(/usr/local/texlive/2020basic/texmf-dist/tex/generic/pgf/utilities/pgfutil-late
x.def
\pgfutil@abb=\box45
 (/usr/local/texlive/2020basic/texmf-dist/tex/latex/ms/everyshi.sty
Package: everyshi 2001/05/15 v3.00 EveryShipout Package (MS)
))
(/usr/local/texlive/2020basic/texmf-dist/tex/generic/pgf/utilities/pgfrcs.code.
tex (/usr/local/texlive/2020basic/texmf-dist/tex/generic/pgf/pgf.revision.tex)
Package: pgfrcs 2020/01/08 v3.1.5b (3.1.5b)
)) (/usr/local/texlive/2020basic/texmf-dist/tex/latex/pgf/utilities/pgfkeys.sty

(/usr/local/texlive/2020basic/texmf-dist/tex/generic/pgf/utilities/pgfkeys.code
.tex
\pgfkeys@pathtoks=\toks18
\pgfkeys@temptoks=\toks19

(/usr/local/texlive/2020basic/texmf-dist/tex/generic/pgf/utilities/pgfkeysfilte
red.code.tex
\pgfkeys@tmptoks=\toks20
)))
(/usr/local/texlive/2020basic/texmf-dist/tex/latex/base/ifthen.sty
Package: ifthen 2014/09/29 v1.1c Standard LaTeX ifthen package (DPC)
)
(/usr/local/texlive/2020basic/texmf-dist/tex/latex/tools/shellesc.sty
Package: shellesc 2019/11/08 v1.0c unified shell escape interface for LaTeX
Package shellesc Info: Restricted shell escape enabled on input line 77.
)
\csv@file=\read3
\c@csvinputline=\count199
\c@csvrow=\count266
\c@csvcol=\count267
\csv@out=\write3
)
(/usr/local/texlive/2020basic/texmf-dist/tex/latex/amsmath/amsmath.sty
Package: amsmath 2020/01/20 v2.17e AMS math features
\@mathmargin=\skip59

For additional information on amsmath, use the `?' option.
(/usr/local/texlive/2020basic/texmf-dist/tex/latex/amsmath/amstext.sty
Package: amstext 2000/06/29 v2.01 AMS text

(/usr/local/texlive/2020basic/texmf-dist/tex/latex/amsmath/amsgen.sty
File: amsgen.sty 1999/11/30 v2.0 generic functions
\@emptytoks=\toks21
\ex@=\dimen159
))
(/usr/local/texlive/2020basic/texmf-dist/tex/latex/amsmath/amsbsy.sty
Package: amsbsy 1999/11/29 v1.2d Bold Symbols
\pmbraise@=\dimen160
)
(/usr/local/texlive/2020basic/texmf-dist/tex/latex/amsmath/amsopn.sty
Package: amsopn 2016/03/08 v2.02 operator names
)
\inf@bad=\count268
LaTeX Info: Redefining \frac on input line 227.
\uproot@=\count269
\leftroot@=\count270
LaTeX Info: Redefining \overline on input line 389.
\classnum@=\count271
\DOTSCASE@=\count272
LaTeX Info: Redefining \ldots on input line 486.
LaTeX Info: Redefining \dots on input line 489.
LaTeX Info: Redefining \cdots on input line 610.
\Mathstrutbox@=\box46
\strutbox@=\box47
\big@size=\dimen161
LaTeX Font Info:    Redeclaring font encoding OML on input line 733.
LaTeX Font Info:    Redeclaring font encoding OMS on input line 734.
\macc@depth=\count273
\c@MaxMatrixCols=\count274
\dotsspace@=\muskip17
\c@parentequation=\count275
\dspbrk@lvl=\count276
\tag@help=\toks22
\row@=\count277
\column@=\count278
\maxfields@=\count279
\andhelp@=\toks23
\eqnshift@=\dimen162
\alignsep@=\dimen163
\tagshift@=\dimen164
\tagwidth@=\dimen165
\totwidth@=\dimen166
\lineht@=\dimen167
\@envbody=\toks24
\multlinegap=\skip60
\multlinetaggap=\skip61
\mathdisplay@stack=\toks25
LaTeX Info: Redefining \[ on input line 2859.
LaTeX Info: Redefining \] on input line 2860.
)
(/usr/local/texlive/2020basic/texmf-dist/tex/latex/amsfonts/amssymb.sty
Package: amssymb 2013/01/14 v3.01 AMS font symbols

(/usr/local/texlive/2020basic/texmf-dist/tex/latex/amsfonts/amsfonts.sty
Package: amsfonts 2013/01/14 v3.01 Basic AMSFonts support
\symAMSa=\mathgroup4
\symAMSb=\mathgroup5
LaTeX Font Info:    Redeclaring math symbol \hbar on input line 98.
LaTeX Font Info:    Overwriting math alphabet `\mathfrak' in version `bold'
(Font)                  U/euf/m/n --> U/euf/b/n on input line 106.
))
(/usr/local/texlive/2020basic/texmf-dist/tex/latex/float/float.sty
Package: float 2001/11/08 v1.3d Float enhancements (AL)
\c@float@type=\count280
\float@exts=\toks26
\float@box=\box48
\@float@everytoks=\toks27
\@floatcapt=\box49
)
(/usr/local/texlive/2020basic/texmf-dist/tex/latex/l3backend/l3backend-pdfmode.
def
File: l3backend-pdfmode.def 2020-03-12 L3 backend support: PDF mode
\l__kernel_color_stack_int=\count281
\l__pdf_internal_box=\box50
) (./main.aux)
\openout1 = `main.aux'.

LaTeX Font Info:    Checking defaults for OML/cmm/m/it on input line 24.
LaTeX Font Info:    ... okay on input line 24.
LaTeX Font Info:    Checking defaults for OMS/cmsy/m/n on input line 24.
LaTeX Font Info:    ... okay on input line 24.
LaTeX Font Info:    Checking defaults for OT1/cmr/m/n on input line 24.
LaTeX Font Info:    ... okay on input line 24.
LaTeX Font Info:    Checking defaults for T1/cmr/m/n on input line 24.
LaTeX Font Info:    ... okay on input line 24.
LaTeX Font Info:    Checking defaults for TS1/cmr/m/n on input line 24.
LaTeX Font Info:    ... okay on input line 24.
LaTeX Font Info:    Checking defaults for OMX/cmex/m/n on input line 24.
LaTeX Font Info:    ... okay on input line 24.
LaTeX Font Info:    Checking defaults for U/cmr/m/n on input line 24.
LaTeX Font Info:    ... okay on input line 24.
LaTeX Font Info:    Checking defaults for PD1/pdf/m/n on input line 24.
LaTeX Font Info:    ... okay on input line 24.

*geometry* driver: auto-detecting
*geometry* detected driver: pdftex
*geometry* verbose mode - [ preamble ] result:
* driver: pdftex
* paper: a4paper
* layout: <same size as paper>
* layoutoffset:(h,v)=(0.0pt,0.0pt)
* modes: 
* h-part:(L,W,R)=(85.35826pt, 441.01773pt, 71.13188pt)
* v-part:(T,H,B)=(71.13188pt, 702.78308pt, 71.13188pt)
* \paperwidth=597.50787pt
* \paperheight=845.04684pt
* \textwidth=441.01773pt
* \textheight=702.78308pt
* \oddsidemargin=13.08827pt
* \evensidemargin=13.08827pt
* \topmargin=-33.0119pt
* \headheight=12.0pt
* \headsep=19.8738pt
* \topskip=12.0pt
* \footskip=30.0pt
* \marginparwidth=38.0pt
* \marginparsep=7.0pt
* \columnsep=10.0pt
* \skip\footins=10.8pt plus 4.0pt minus 2.0pt
* \hoffset=0.0pt
* \voffset=0.0pt
* \mag=1000
* \@twocolumnfalse
* \@twosidefalse
* \@mparswitchfalse
* \@reversemarginfalse
* (1in=72.27pt=25.4mm, 1cm=28.453pt)

LaTeX Info: Redefining \it@ocap on input line 24.
LaTeX Info: Redefining \it@ccap on input line 24.

File italian.ldf warning: 
italian.ldf    With OT1 encoding guillemets are poorly faked
italian.ldf    Use T1 encoding
italian.ldf    or specify a font with command \CaporaliFrom
italian.ldf    See the documentation concerning the babel-italian typesetting 
italian.ldf    on input line 24.

(/usr/local/texlive/2020basic/texmf-dist/tex/context/base/mkii/supp-pdf.mkii
[Loading MPS to PDF converter (version 2006.09.02).]
\scratchcounter=\count282
\scratchdimen=\dimen168
\scratchbox=\box51
\nofMPsegments=\count283
\nofMParguments=\count284
\everyMPshowfont=\toks28
\MPscratchCnt=\count285
\MPscratchDim=\dimen169
\MPnumerator=\count286
\makeMPintoPDFobject=\count287
\everyMPtoPDFconversion=\toks29
)
(/usr/local/texlive/2020basic/texmf-dist/tex/latex/epstopdf-pkg/epstopdf-base.s
ty
Package: epstopdf-base 2020-01-24 v2.11 Base part for package epstopdf
Package epstopdf-base Info: Redefining graphics rule for `.eps' on input line 4
85.

(/usr/local/texlive/2020basic/texmf-dist/tex/latex/latexconfig/epstopdf-sys.cfg
File: epstopdf-sys.cfg 2010/07/13 v1.3 Configuration of (r)epstopdf for TeX Liv
e
))
\AtBeginShipoutBox=\box52
Package hyperref Info: Link coloring OFF on input line 24.
 (/usr/local/texlive/2020basic/texmf-dist/tex/latex/hyperref/nameref.sty
Package: nameref 2019/09/16 v2.46 Cross-referencing by name of section

(/usr/local/texlive/2020basic/texmf-dist/tex/latex/refcount/refcount.sty
Package: refcount 2019/12/15 v3.6 Data extraction from label references (HO)
)
(/usr/local/texlive/2020basic/texmf-dist/tex/generic/gettitlestring/gettitlestr
ing.sty
Package: gettitlestring 2019/12/15 v1.6 Cleanup title references (HO)
)
\c@section@level=\count288
)
LaTeX Info: Redefining \ref on input line 24.
LaTeX Info: Redefining \pageref on input line 24.
LaTeX Info: Redefining \nameref on input line 24.
 (./main.out) (./main.out)
\@outlinefile=\write4
\openout4 = `main.out'.

Package caption Info: Begin \AtBeginDocument code.
Package caption Info: float package is loaded.
Package caption Info: End \AtBeginDocument code.
 ABD: EveryShipout initializing macros
(./frontespizio.tex
<immagini/logo.jpg, id=132, 288.3573pt x 294.1389pt>
File: immagini/logo.jpg Graphic file (type jpg)
<use immagini/logo.jpg>
Package pdftex.def Info: immagini/logo.jpg  used on input line 8.
(pdftex.def)             Requested size: 288.35658pt x 294.13817pt.

Underfull \hbox (badness 10000) in paragraph at lines 5--11

 []

[1


{/usr/local/texlive/2020basic/texmf-var/fonts/map/pdftex/updmap/pdftex.map} <./
immagini/logo.jpg>]pdfTeX warning (ext4): destination with the same identifier 
(name{page.1}) has been already used, duplicate ignored
<to be read again> 
                   \relax 
l.51 ...arpage\null\thispagestyle{empty}\clearpage
                                                       %inserisce una pagina...
[1

]) (./dedica.tex [1


]) (./riassunto.tex) [2] (./indici.tex (./main.toc
LaTeX Font Info:    Trying to load font information for U+msa on input line 5.

(/usr/local/texlive/2020basic/texmf-dist/tex/latex/amsfonts/umsa.fd
File: umsa.fd 2013/01/14 v3.01 AMS symbols A
)
LaTeX Font Info:    Trying to load font information for U+msb on input line 5.

(/usr/local/texlive/2020basic/texmf-dist/tex/latex/amsfonts/umsb.fd
File: umsb.fd 2013/01/14 v3.01 AMS symbols B
)pdfTeX warning (ext4): destination with the same identifier (name{page.1}) has
 been already used, duplicate ignored
<to be read again> 
                   \relax 
l.25 ...zione della griglia}{44}{subsection.4.2.1}
                                                  % [1


])
\tf@toc=\write5
\openout5 = `main.toc'.

 [2] (./main.lof
[3

])
\tf@lof=\write6
\openout6 = `main.lof'.

) (./introduzione.tex [4] [5

]
<immagini/well_covered_meshgrid.jpg, id=283, 578.16pt x 361.35pt>
File: immagini/well_covered_meshgrid.jpg Graphic file (type jpg)
<use immagini/well_covered_meshgrid.jpg>
Package pdftex.def Info: immagini/well_covered_meshgrid.jpg  used on input line
 21.
(pdftex.def)             Requested size: 220.50887pt x 137.81618pt.
<immagini/badly_covered_meshgrid.jpg, id=284, 578.16pt x 361.35pt>
File: immagini/badly_covered_meshgrid.jpg Graphic file (type jpg)
<use immagini/badly_covered_meshgrid.jpg>
Package pdftex.def Info: immagini/badly_covered_meshgrid.jpg  used on input lin
e 25.
(pdftex.def)             Requested size: 220.50887pt x 137.81618pt.

Underfull \hbox (badness 10000) in paragraph at lines 32--33

 []


Underfull \hbox (badness 10000) in paragraph at lines 32--33

 []

[6 <./immagini/well_covered_meshgrid.jpg> <./immagini/badly_covered_meshgrid.jp
g>] [7]) (./cap1.tex [8]
Capitolo 1.
<immagini/mobile_crowdsensing_model.jpeg, id=314, 1284.8pt x 692.5875pt>
File: immagini/mobile_crowdsensing_model.jpeg Graphic file (type jpg)
<use immagini/mobile_crowdsensing_model.jpeg>
Package pdftex.def Info: immagini/mobile_crowdsensing_model.jpeg  used on input
 line 12.
(pdftex.def)             Requested size: 441.01773pt x 237.73819pt.

LaTeX Warning: `!h' float specifier changed to `!ht'.

[9

] [10 <./immagini/mobile_crowdsensing_model.jpeg>] [11] [12]) (./cap2.tex
[13] [14]
Capitolo 2.
[15

]
<immagini/grid_coverages_0,01_lambda_heatmap.png, id=419, 1084.05pt x 722.7pt>
File: immagini/grid_coverages_0,01_lambda_heatmap.png Graphic file (type png)
<use immagini/grid_coverages_0,01_lambda_heatmap.png>
Package pdftex.def Info: immagini/grid_coverages_0,01_lambda_heatmap.png  used 
on input line 14.
(pdftex.def)             Requested size: 441.01773pt x 294.0152pt.
 [16 <./immagini/grid_coverages_0,01_lambda_heatmap.png>] [17]
<immagini/exp_model_exp_samples.png, id=436, 433.62pt x 289.08pt>
File: immagini/exp_model_exp_samples.png Graphic file (type png)
<use immagini/exp_model_exp_samples.png>
Package pdftex.def Info: immagini/exp_model_exp_samples.png  used on input line
 69.
(pdftex.def)             Requested size: 441.01773pt x 294.02841pt.
 [18])
(./cap3.tex [19 <./immagini/exp_model_exp_samples.png>]
Capitolo 3.
[20

]
<immagini/beijing_dshader_cropped.png, id=471, 1409.265pt x 1409.265pt>
File: immagini/beijing_dshader_cropped.png Graphic file (type png)
<use immagini/beijing_dshader_cropped.png>
Package pdftex.def Info: immagini/beijing_dshader_cropped.png  used on input li
ne 32.
(pdftex.def)             Requested size: 441.01773pt x 441.01784pt.


LaTeX Warning: `!h' float specifier changed to `!ht'.

[21]
<immagini/folium_trajectories.png, id=487, 841.1425pt x 503.8825pt>
File: immagini/folium_trajectories.png Graphic file (type png)
<use immagini/folium_trajectories.png>
Package pdftex.def Info: immagini/folium_trajectories.png  used on input line 5
1.
(pdftex.def)             Requested size: 441.01773pt x 264.1886pt.
 [22 <./immagini/beijing_dshader_cropped.png>] [23 <./immagini/folium_trajector
ies.png>]
<immagini/whole_monthly_linear.png, id=506, 1156.32pt x 361.35pt>
File: immagini/whole_monthly_linear.png Graphic file (type png)
<use immagini/whole_monthly_linear.png>
Package pdftex.def Info: immagini/whole_monthly_linear.png  used on input line 
66.
(pdftex.def)             Requested size: 441.01773pt x 137.81618pt.
<immagini/jun2008-jun2009_weekly_linear.png, id=509, 1156.32pt x 361.35pt>
File: immagini/jun2008-jun2009_weekly_linear.png Graphic file (type png)
<use immagini/jun2008-jun2009_weekly_linear.png>
Package pdftex.def Info: immagini/jun2008-jun2009_weekly_linear.png  used on in
put line 76.
(pdftex.def)             Requested size: 441.01773pt x 137.81618pt.
 [24 <./immagini/whole_monthly_linear.png> <./immagini/jun2008-jun2009_weekly_l
inear.png>]
<immagini/yrl_2008_heat.png, id=516, 1445.4pt x 722.7pt>
File: immagini/yrl_2008_heat.png Graphic file (type png)
<use immagini/yrl_2008_heat.png>
Package pdftex.def Info: immagini/yrl_2008_heat.png  used on input line 86.
(pdftex.def)             Requested size: 441.01773pt x 220.50587pt.
<immagini/yrl_2009_heat.png, id=517, 1445.4pt x 722.7pt>
File: immagini/yrl_2009_heat.png Graphic file (type png)
<use immagini/yrl_2009_heat.png>
Package pdftex.def Info: immagini/yrl_2009_heat.png  used on input line 90.
(pdftex.def)             Requested size: 441.01773pt x 220.50587pt.
 [25 <./immagini/yrl_2008_heat.png> <./immagini/yrl_2009_heat.png>]
<immagini/stopping_points.png, id=528, 599.23875pt x 599.23875pt>
File: immagini/stopping_points.png Graphic file (type png)
<use immagini/stopping_points.png>
Package pdftex.def Info: immagini/stopping_points.png  used on input line 122.
(pdftex.def)             Requested size: 352.81552pt x 352.82545pt.
<immagini/clustered_stopping_points.png, id=529, 578.16pt x 578.16pt>
File: immagini/clustered_stopping_points.png Graphic file (type png)
<use immagini/clustered_stopping_points.png>
Package pdftex.def Info: immagini/clustered_stopping_points.png  used on input 
line 126.
(pdftex.def)             Requested size: 352.81552pt x 352.80942pt.


LaTeX Warning: Float too large for page by 67.55176pt on input line 131.


Overfull \hbox (5.9993pt too wide) in paragraph at lines 137--138
 [] 
 []

[26] [27 <./immagini/stopping_points.png> <./immagini/clustered_stopping_points
.png>]
<immagini/medoids.png, id=554, 559.08875pt x 559.08875pt>
File: immagini/medoids.png Graphic file (type png)
<use immagini/medoids.png>
Package pdftex.def Info: immagini/medoids.png  used on input line 157.
(pdftex.def)             Requested size: 441.01773pt x 441.03543pt.
 [28] [29 <./immagini/medoids.png>]
<immagini/osmnx_graph1.png, id=573, 434.62375pt x 450.68375pt>
File: immagini/osmnx_graph1.png Graphic file (type png)
<use immagini/osmnx_graph1.png>
Package pdftex.def Info: immagini/osmnx_graph1.png  used on input line 170.
(pdftex.def)             Requested size: 308.71106pt x 320.13898pt.
<immagini/osmnx_graph2.png, id=574, 434.62375pt x 450.68375pt>
File: immagini/osmnx_graph2.png Graphic file (type png)
<use immagini/osmnx_graph2.png>
Package pdftex.def Info: immagini/osmnx_graph2.png  used on input line 174.
(pdftex.def)             Requested size: 308.71106pt x 320.13898pt.


LaTeX Warning: Float too large for page by 2.19484pt on input line 179.

[30] [31 <./immagini/osmnx_graph1.png> <./immagini/osmnx_graph2.png>]
<immagini/interpolated_trajectory.png, id=590, 589.20125pt x 588.1975pt>
File: immagini/interpolated_trajectory.png Graphic file (type png)
<use immagini/interpolated_trajectory.png>
Package pdftex.def Info: immagini/interpolated_trajectory.png  used on input li
ne 188.
(pdftex.def)             Requested size: 441.01773pt x 440.26747pt.
 [32]
[33 <./immagini/interpolated_trajectory.png>]
<immagini/bar_chart.png, id=603, 389.455pt x 279.0425pt>
File: immagini/bar_chart.png Graphic file (type png)
<use immagini/bar_chart.png>
Package pdftex.def Info: immagini/bar_chart.png  used on input line 222.
(pdftex.def)             Requested size: 441.01773pt x 315.99985pt.
<immagini/linear_original_augmented.png, id=605, 947.4597pt x 333.1647pt>
File: immagini/linear_original_augmented.png Graphic file (type png)
<use immagini/linear_original_augmented.png>
Package pdftex.def Info: immagini/linear_original_augmented.png  used on input 
line 232.
(pdftex.def)             Requested size: 441.01773pt x 155.08266pt.
 [34] [35 <./immagini/bar_chart.png> <./immagini/linear_original_augmented.png>
]
<immagini/weekly_seaborn_augmented.png, id=619, 897.3525pt x 468.75125pt>
File: immagini/weekly_seaborn_augmented.png Graphic file (type png)
<use immagini/weekly_seaborn_augmented.png>
Package pdftex.def Info: immagini/weekly_seaborn_augmented.png  used on input l
ine 242.
(pdftex.def)             Requested size: 441.01773pt x 230.3696pt.
<immagini/augmented_dshader.png, id=622, 602.25pt x 602.25pt>
File: immagini/augmented_dshader.png Graphic file (type png)
<use immagini/augmented_dshader.png>
Package pdftex.def Info: immagini/augmented_dshader.png  used on input line 254
.
(pdftex.def)             Requested size: 441.01773pt x 441.03566pt.
 [36 <./immagini/weekly_seaborn_augmented.png>] [37 <./immagini/augmented_dshad
er.png>]
<immagini/visits_versus_active_users.png, id=637, 792.9625pt x 337.26pt>
File: immagini/visits_versus_active_users.png Graphic file (type png)
<use immagini/visits_versus_active_users.png>
Package pdftex.def Info: immagini/visits_versus_active_users.png  used on input
 line 270.
(pdftex.def)             Requested size: 441.01773pt x 187.57262pt.
<immagini/gyration_vs_visits.png, id=641, 722.7pt x 361.35pt>
File: immagini/gyration_vs_visits.png Graphic file (type png)
<use immagini/gyration_vs_visits.png>
Package pdftex.def Info: immagini/gyration_vs_visits.png  used on input line 28
7.
(pdftex.def)             Requested size: 441.01773pt x 220.5114pt.
 [38 <./immagini/visits_versus_active_users.png>]
<immagini/frequency_vs_recency.png, id=653, 427.5975pt x 416.55624pt>
File: immagini/frequency_vs_recency.png Graphic file (type png)
<use immagini/frequency_vs_recency.png>
Package pdftex.def Info: immagini/frequency_vs_recency.png  used on input line 
306.
(pdftex.def)             Requested size: 441.01773pt x 429.62978pt.
) (./cap4.tex [39 <./immagini/gyration_vs_visits.png>]
[40 <./immagini/frequency_vs_recency.png>]
Capitolo 4.
[41

]
<immagini/pipeline.png, id=670, 445.4241pt x 495.2904pt>
File: immagini/pipeline.png Graphic file (type png)
<use immagini/pipeline.png>
Package pdftex.def Info: immagini/pipeline.png  used on input line 34.
(pdftex.def)             Requested size: 441.01773pt x 490.40703pt.
 [42] [43 <./immagini/pipeline.png>]
<immagini/grid_folium.png, id=688, 568.1225pt x 568.1225pt>
File: immagini/grid_folium.png Graphic file (type png)
<use immagini/grid_folium.png>
Package pdftex.def Info: immagini/grid_folium.png  used on input line 57.
(pdftex.def)             Requested size: 441.01773pt x 441.03589pt.
 [44]
<immagini/grid_coverages_0,01_lambda_3D_grid.png, id=696, 1084.05pt x 578.16pt>

File: immagini/grid_coverages_0,01_lambda_3D_grid.png Graphic file (type png)
<use immagini/grid_coverages_0,01_lambda_3D_grid.png>
Package pdftex.def Info: immagini/grid_coverages_0,01_lambda_3D_grid.png  used 
on input line 71.
(pdftex.def)             Requested size: 441.01773pt x 235.21216pt.
File: immagini/grid_coverages_0,01_lambda_heatmap.png Graphic file (type png)
<use immagini/grid_coverages_0,01_lambda_heatmap.png>
Package pdftex.def Info: immagini/grid_coverages_0,01_lambda_heatmap.png  used 
on input line 75.
(pdftex.def)             Requested size: 441.01773pt x 294.0152pt.
 [45 <./immagini/grid_folium.png>]
<immagini/grid_coverages_0,00333333_lambda_3D_grid.png, id=703, 1084.05pt x 578
.16pt>
File: immagini/grid_coverages_0,00333333_lambda_3D_grid.png Graphic file (type 
png)
<use immagini/grid_coverages_0,00333333_lambda_3D_grid.png>
Package pdftex.def Info: immagini/grid_coverages_0,00333333_lambda_3D_grid.png 
 used on input line 85.
(pdftex.def)             Requested size: 441.01773pt x 235.21216pt.
<immagini/grid_coverages_0,00333333_lambda_heatmap.png, id=704, 1084.05pt x 722
.7pt>
File: immagini/grid_coverages_0,00333333_lambda_heatmap.png Graphic file (type 
png)
<use immagini/grid_coverages_0,00333333_lambda_heatmap.png>
Package pdftex.def Info: immagini/grid_coverages_0,00333333_lambda_heatmap.png 
 used on input line 89.
(pdftex.def)             Requested size: 441.01773pt x 294.0152pt.
[46 <./immagini/grid_coverages_0,01_lambda_3D_grid.png>]
<immagini/grid_coverages_0,00142857_lambda_3D_grid.png, id=710, 1084.05pt x 578
.16pt>
File: immagini/grid_coverages_0,00142857_lambda_3D_grid.png Graphic file (type 
png)
<use immagini/grid_coverages_0,00142857_lambda_3D_grid.png>
Package pdftex.def Info: immagini/grid_coverages_0,00142857_lambda_3D_grid.png 
 used on input line 99.
(pdftex.def)             Requested size: 441.01773pt x 235.21216pt.
<immagini/grid_coverages_0,00142857_lambda_heatmap.png, id=711, 1084.05pt x 722
.7pt>
File: immagini/grid_coverages_0,00142857_lambda_heatmap.png Graphic file (type 
png)
<use immagini/grid_coverages_0,00142857_lambda_heatmap.png>
Package pdftex.def Info: immagini/grid_coverages_0,00142857_lambda_heatmap.png 
 used on input line 103.
(pdftex.def)             Requested size: 441.01773pt x 294.0152pt.
 [47 <./immagini/grid_coverages_0,00333333_lambda_3D_grid.png> <./immagini/grid
_coverages_0,00333333_lambda_heatmap.png>] [48 <./immagini/grid_coverages_0,001
42857_lambda_3D_grid.png> <./immagini/grid_coverages_0,00142857_lambda_heatmap.
png>]
<immagini/subway_folium.png, id=728, 637.38126pt x 636.3775pt>
File: immagini/subway_folium.png Graphic file (type png)
<use immagini/subway_folium.png>
Package pdftex.def Info: immagini/subway_folium.png  used on input line 128.
(pdftex.def)             Requested size: 441.01773pt x 440.32445pt.
 [49]
<immagini/subway_coverages_0,01_lambda_3D_grid.png, id=737, 1084.05pt x 578.16p
t>
File: immagini/subway_coverages_0,01_lambda_3D_grid.png Graphic file (type png)

<use immagini/subway_coverages_0,01_lambda_3D_grid.png>
Package pdftex.def Info: immagini/subway_coverages_0,01_lambda_3D_grid.png  use
d on input line 139.
(pdftex.def)             Requested size: 441.01773pt x 235.21216pt.
<immagini/subway_coverages_0,01_lambda_heatmap.png, id=738, 1084.05pt x 722.7pt
>
File: immagini/subway_coverages_0,01_lambda_heatmap.png Graphic file (type png)

<use immagini/subway_coverages_0,01_lambda_heatmap.png>
Package pdftex.def Info: immagini/subway_coverages_0,01_lambda_heatmap.png  use
d on input line 143.
(pdftex.def)             Requested size: 441.01773pt x 294.0152pt.
 [50 <./immagini/subway_folium.png>]
<immagini/subway_coverages_0,00333333_lambda_3D_grid.png, id=745, 1084.05pt x 5
78.16pt>
File: immagini/subway_coverages_0,00333333_lambda_3D_grid.png Graphic file (typ
e png)
<use immagini/subway_coverages_0,00333333_lambda_3D_grid.png>
Package pdftex.def Info: immagini/subway_coverages_0,00333333_lambda_3D_grid.pn
g  used on input line 153.
(pdftex.def)             Requested size: 441.01773pt x 235.21216pt.
<immagini/subway_coverages_0,00333333_lambda_heatmap.png, id=746, 1084.05pt x 7
22.7pt>
File: immagini/subway_coverages_0,00333333_lambda_heatmap.png Graphic file (typ
e png)
<use immagini/subway_coverages_0,00333333_lambda_heatmap.png>
Package pdftex.def Info: immagini/subway_coverages_0,00333333_lambda_heatmap.pn
g  used on input line 157.
(pdftex.def)             Requested size: 441.01773pt x 294.0152pt.
 [51 <./immagini/subway_coverages_0,01_lambda_3D_grid.png> <./immagini/subway_c
overages_0,01_lambda_heatmap.png>]
<immagini/subway_coverages_0,00142857_lambda_3D_grid.png, id=754, 1084.05pt x 5
78.16pt>
File: immagini/subway_coverages_0,00142857_lambda_3D_grid.png Graphic file (typ
e png)
<use immagini/subway_coverages_0,00142857_lambda_3D_grid.png>
Package pdftex.def Info: immagini/subway_coverages_0,00142857_lambda_3D_grid.pn
g  used on input line 167.
(pdftex.def)             Requested size: 441.01773pt x 235.21216pt.
<immagini/subway_coverages_0,00142857_lambda_heatmap.png, id=755, 1084.05pt x 7
22.7pt>
File: immagini/subway_coverages_0,00142857_lambda_heatmap.png Graphic file (typ
e png)
<use immagini/subway_coverages_0,00142857_lambda_heatmap.png>
Package pdftex.def Info: immagini/subway_coverages_0,00142857_lambda_heatmap.pn
g  used on input line 171.
(pdftex.def)             Requested size: 441.01773pt x 294.0152pt.
 [52 <./immagini/subway_coverages_0,00333333_lambda_3D_grid.png> <./immagini/su
bway_coverages_0,00333333_lambda_heatmap.png>] [53 <./immagini/subway_coverages
_0,00142857_lambda_3D_grid.png> <./immagini/subway_coverages_0,00142857_lambda_
heatmap.png>]
<immagini/POI_folium.png, id=771, 524.96124pt x 524.96124pt>
File: immagini/POI_folium.png Graphic file (type png)
<use immagini/POI_folium.png>
Package pdftex.def Info: immagini/POI_folium.png  used on input line 194.
(pdftex.def)             Requested size: 441.01773pt x 441.03653pt.
 [54]
[55 <./immagini/POI_folium.png>]
<immagini/POIs_coverages_0,01_lambda_3D_grid.png, id=785, 1084.05pt x 578.16pt>

File: immagini/POIs_coverages_0,01_lambda_3D_grid.png Graphic file (type png)
<use immagini/POIs_coverages_0,01_lambda_3D_grid.png>
Package pdftex.def Info: immagini/POIs_coverages_0,01_lambda_3D_grid.png  used 
on input line 208.
(pdftex.def)             Requested size: 441.01773pt x 235.21216pt.
<immagini/POIs_coverages_0,01_lambda_heatmap.png, id=786, 1084.05pt x 722.7pt>
File: immagini/POIs_coverages_0,01_lambda_heatmap.png Graphic file (type png)
<use immagini/POIs_coverages_0,01_lambda_heatmap.png>
Package pdftex.def Info: immagini/POIs_coverages_0,01_lambda_heatmap.png  used 
on input line 212.
(pdftex.def)             Requested size: 441.01773pt x 294.0152pt.
<immagini/POIs_coverages_0,00333333_lambda_3D_grid.png, id=787, 1084.05pt x 578
.16pt>
File: immagini/POIs_coverages_0,00333333_lambda_3D_grid.png Graphic file (type 
png)
<use immagini/POIs_coverages_0,00333333_lambda_3D_grid.png>
Package pdftex.def Info: immagini/POIs_coverages_0,00333333_lambda_3D_grid.png 
 used on input line 222.
(pdftex.def)             Requested size: 441.01773pt x 235.21216pt.
<immagini/POIs_coverages_0,00333333_lambda_heatmap.png, id=788, 1084.05pt x 722
.7pt>
File: immagini/POIs_coverages_0,00333333_lambda_heatmap.png Graphic file (type 
png)
<use immagini/POIs_coverages_0,00333333_lambda_heatmap.png>
Package pdftex.def Info: immagini/POIs_coverages_0,00333333_lambda_heatmap.png 
 used on input line 226.
(pdftex.def)             Requested size: 441.01773pt x 294.0152pt.
 [56 <./immagini/POIs_coverages_0,01_lambda_3D_grid.png> <./immagini/POIs_cover
ages_0,01_lambda_heatmap.png>]
<immagini/POIs_coverages_0,00142857_lambda_3D_grid.png, id=795, 1084.05pt x 578
.16pt>
File: immagini/POIs_coverages_0,00142857_lambda_3D_grid.png Graphic file (type 
png)
<use immagini/POIs_coverages_0,00142857_lambda_3D_grid.png>
Package pdftex.def Info: immagini/POIs_coverages_0,00142857_lambda_3D_grid.png 
 used on input line 236.
(pdftex.def)             Requested size: 441.01773pt x 235.21216pt.
<immagini/POIs_coverages_0,00142857_lambda_heatmap.png, id=796, 1084.05pt x 722
.7pt>
File: immagini/POIs_coverages_0,00142857_lambda_heatmap.png Graphic file (type 
png)
<use immagini/POIs_coverages_0,00142857_lambda_heatmap.png>
Package pdftex.def Info: immagini/POIs_coverages_0,00142857_lambda_heatmap.png 
 used on input line 240.
(pdftex.def)             Requested size: 441.01773pt x 294.0152pt.
 [57 <./immagini/POIs_coverages_0,00333333_lambda_3D_grid.png> <./immagini/POIs
_coverages_0,00333333_lambda_heatmap.png>] [58 <./immagini/POIs_coverages_0,001
42857_lambda_3D_grid.png> <./immagini/POIs_coverages_0,00142857_lambda_heatmap.
png>] [59]
<immagini/no_coverage_example.jpg, id=818, 1284.8pt x 908.39375pt>
File: immagini/no_coverage_example.jpg Graphic file (type jpg)
<use immagini/no_coverage_example.jpg>
Package pdftex.def Info: immagini/no_coverage_example.jpg  used on input line 2
70.
(pdftex.def)             Requested size: 308.71106pt x 218.26845pt.
)
(./cap5.tex [60 <./immagini/no_coverage_example.jpg>]
Capitolo 5.
[61

]
<immagini/drone_low_cov_squares.png, id=830, 433.62pt x 289.08pt>
File: immagini/drone_low_cov_squares.png Graphic file (type png)
<use immagini/drone_low_cov_squares.png>
Package pdftex.def Info: immagini/drone_low_cov_squares.png  used on input line
 19.
(pdftex.def)             Requested size: 441.01773pt x 294.02841pt.
<immagini/drone_med_cov.png, id=831, 433.62pt x 289.08pt>
File: immagini/drone_med_cov.png Graphic file (type png)
<use immagini/drone_med_cov.png>
Package pdftex.def Info: immagini/drone_med_cov.png  used on input line 23.
(pdftex.def)             Requested size: 441.01773pt x 294.02841pt.
) (./ringraziamenti.tex [62] [63 <./immagini/drone_low_cov_squares.png> <./imma
gini/drone_med_cov.png>]) (./main.bbl [64

] [65

] [66] [67]
Underfull \hbox (badness 10000) in paragraph at lines 137--139
[]\OT1/cmr/m/n/12 OpenStreetMap con-tri-bu-tors, ``Pla-net dump re-trie-ved fro
m
 []


Underfull \hbox (badness 10000) in paragraph at lines 145--147
[]\OT1/cmr/m/n/12 R. Sto-ry, ``Py-thon Da-ta, Lea-flet.js Maps.'' []$\OT1/cmtt/
m/n/12 https : / / github . com /
 []

[68]
Underfull \hbox (badness 2150) in paragraph at lines 186--188
[]\OT1/cmr/m/n/12 Autodesk, ``To work with plot fi-les.'' []$\OT1/cmtt/m/n/12 h
ttps : / / knowledge . autodesk . com /
 []


Underfull \hbox (badness 10000) in paragraph at lines 186--188
\OT1/cmtt/m/n/12 support / autocad / learn-[]explore / caas / CloudHelp / cloud
help / 2020 / ENU /
 []


Underfull \hbox (badness 10000) in paragraph at lines 186--188
\OT1/cmtt/m/n/12 AutoCAD-[]Core / files / GUID-[]6405BB6F-[]4350-[]4F0A-[]AC09-
[]3E237F20FBD6-[]htm .
 []

[69]) [70]
Package atveryend Info: Empty hook `BeforeClearDocument' on input line 44.
Package atveryend Info: Empty hook `AfterLastShipout' on input line 44.
 (./main.aux)
Package atveryend Info: Executing hook `AtVeryEndDocument' on input line 44.
Package atveryend Info: Executing hook `AtEndAfterFileList' on input line 44.
Package rerunfilecheck Info: File `main.out' has not changed.
(rerunfilecheck)             Checksum: 57C6F602CBC8E3BC4C7D38FD5ECD312B;2289.
 ) 
Here is how much of TeX's memory you used:
 11099 strings out of 482056
 185851 string characters out of 5937675
 455738 words of memory out of 5000000
 26255 multiletter control sequences out of 15000+600000
 542161 words of font info for 60 fonts, out of 8000000 for 9000
 319 hyphenation exceptions out of 8191
 48i,9n,48p,1244b,500s stack positions out of 5000i,500n,10000p,200000b,80000s
 </Users/tommasocolella/Library/texlive/2020basic/texmf-var/fonts/pk/ljfour/j
knappen/ec/tcrm1200.600pk></usr/local/texlive/2020basic/texmf-dist/fonts/type1/
public/amsfonts/cm/cmbx12.pfb></usr/local/texlive/2020basic/texmf-dist/fonts/ty
pe1/public/amsfonts/cm/cmcsc10.pfb></usr/local/texlive/2020basic/texmf-dist/fon
ts/type1/public/amsfonts/cm/cmex10.pfb></usr/local/texlive/2020basic/texmf-dist
/fonts/type1/public/amsfonts/cm/cmmi10.pfb></usr/local/texlive/2020basic/texmf-
dist/fonts/type1/public/amsfonts/cm/cmmi12.pfb></usr/local/texlive/2020basic/te
xmf-dist/fonts/type1/public/amsfonts/cm/cmmi6.pfb></usr/local/texlive/2020basic
/texmf-dist/fonts/type1/public/amsfonts/cm/cmmi8.pfb></usr/local/texlive/2020ba
sic/texmf-dist/fonts/type1/public/amsfonts/cm/cmr10.pfb></usr/local/texlive/202
0basic/texmf-dist/fonts/type1/public/amsfonts/cm/cmr12.pfb></usr/local/texlive/
2020basic/texmf-dist/fonts/type1/public/amsfonts/cm/cmr8.pfb></usr/local/texliv
e/2020basic/texmf-dist/fonts/type1/public/amsfonts/cm/cmsl12.pfb></usr/local/te
xlive/2020basic/texmf-dist/fonts/type1/public/amsfonts/cm/cmsy10.pfb></usr/loca
l/texlive/2020basic/texmf-dist/fonts/type1/public/amsfonts/cm/cmsy8.pfb></usr/l
ocal/texlive/2020basic/texmf-dist/fonts/type1/public/amsfonts/cm/cmti12.pfb></u
sr/local/texlive/2020basic/texmf-dist/fonts/type1/public/amsfonts/cm/cmtt12.pfb
></usr/local/texlive/2020basic/texmf-dist/fonts/type1/public/amsfonts/symbols/m
sbm10.pfb>
Output written on main.pdf (74 pages, 9452809 bytes).
PDF statistics:
 1013 PDF objects out of 1200 (max. 8388607)
 818 compressed objects within 9 object streams
 235 named destinations out of 1000 (max. 500000)
 502 words of extra memory for PDF output out of 10000 (max. 10000000)

